<?xml version="1.0" encoding="UTF-8"?>
<!-- Generated by org.testng.reporters.JUnitReportReporter -->
<testsuite skipped="0" hostname="Geeta-PC" name="com.hubspot.qa.tests.LoginTest" tests="2" failures="0" timestamp="31 Oct 2018 16:13:16 GMT" time="22.243" errors="0">
  <testcase name="verifyLoginPageTitleTest" time="11.819" classname="com.hubspot.qa.tests.LoginTest"/>
  <testcase name="loginTest" time="10.424" classname="com.hubspot.qa.tests.LoginTest"/>
</testsuite> <!-- com.hubspot.qa.tests.LoginTest -->
