<?xml version="1.0" encoding="UTF-8"?>
<!-- Generated by org.testng.reporters.JUnitReportReporter -->
<testsuite skipped="1" hostname="Geeta-PC" name="com.hubspot.qa.tests.SalesPageTest" tests="1" failures="0" timestamp="01 Nov 2018 05:50:24 GMT" time="0.000" errors="0">
  <testcase name="createContactTest" time="0.000" classname="com.hubspot.qa.tests.SalesPageTest">
    <skipped/>
  </testcase> <!-- createContactTest -->
</testsuite> <!-- com.hubspot.qa.tests.SalesPageTest -->
