<?xml version="1.0" encoding="UTF-8"?>
<!-- Generated by org.testng.reporters.JUnitReportReporter -->
<testsuite skipped="0" hostname="Geeta-PC" name="com.hubspot.qa.tests.HomePageTest" tests="3" failures="0" timestamp="31 Oct 2018 16:17:25 GMT" time="67.775" errors="0">
  <testcase name="homePageHeaderTest" time="29.877" classname="com.hubspot.qa.tests.HomePageTest"/>
  <testcase name="homePageTitleTest" time="18.243" classname="com.hubspot.qa.tests.HomePageTest"/>
  <testcase name="accountNameTest" time="19.655" classname="com.hubspot.qa.tests.HomePageTest"/>
</testsuite> <!-- com.hubspot.qa.tests.HomePageTest -->
